{
  "RSpec": {
    "coverage": {
      "/home/eugene/Рабочий стол/Ruby/Lab1/lib/converter.rb": {
        "lines": [
          1,
          1,
          6,
          null,
          6,
          null,
          2,
          null,
          2,
          null,
          2,
          null,
          null,
          6,
          null,
          null,
          1,
          2,
          null,
          1,
          null,
          1,
          null,
          null,
          null,
          1,
          2,
          null,
          1,
          null,
          1,
          null,
          null,
          null,
          1,
          2,
          null,
          1,
          null,
          1,
          null,
          null,
          null
        ]
      }
    },
    "timestamp": 1601448181
  }
}
